# JRE version: OpenJDK Runtime Environment Temurin-21.0.10+7 (21.0.10+7) (build 21.0.10+7-LTS)
# Java VM: OpenJDK 64-Bit Server VM Temurin-21.0.10+7 (21.0.10+7-LTS, mixed mode, sharing, tiered, compressed oops, compressed class ptrs, parallel gc, windows-amd64)
GC Precious Log:
 CardTable entry size: 512
 CPUs: 8 total, 8 available
 Memory: 16106M
 Large Page Support: Disabled
 NUMA Support: Disabled
 Compressed Oops: Enabled (32-bit)
 Alignments: Space 512K, Generation 512K, Heap 2M
 Heap Min Capacity: 100M
 Heap Initial Capacity: 100M
 Heap Max Capacity: 2G
 Pre-touch: Disabled
 Parallel Workers: 8
Heap:
 PSYoungGen      total 7168K, used 6472K [0x00000000d5580000, 0x00000000d5d80000, 0x0000000100000000)
  eden space 6144K, 90% used [0x00000000d5580000,0x00000000d5af49a8,0x00000000d5b80000)
  from space 1024K, 86% used [0x00000000d5b80000,0x00000000d5c5d808,0x00000000d5c80000)
  to   space 1024K, 0% used [0x00000000d5c80000,0x00000000d5c80000,0x00000000d5d80000)
 ParOldGen       total 677376K, used 677261K [0x0000000080000000, 0x00000000a9580000, 0x00000000d5580000)
  object space 677376K, 99% used [0x0000000080000000,0x00000000a95636d0,0x00000000a9580000)
 Metaspace       used 99286K, committed 101376K, reserved 1179648K
  class space    used 10090K, committed 11008K, reserved 1048576K
GC Heap History (20 events):
Event: 1304.431 GC heap before
{Heap before GC invocations=3659 (full 6):
 PSYoungGen      total 6656K, used 6416K [0x00000000d5580000, 0x00000000d5d80000, 0x0000000100000000)
  eden space 5632K, 100% used [0x00000000d5580000,0x00000000d5b00000,0x00000000d5b00000)
  from space 1024K, 76% used [0x00000000d5b00000,0x00000000d5bc4080,0x00000000d5c00000)
  to   space 1024K, 0% used [0x00000000d5c80000,0x00000000d5c80000,0x00000000d5d80000)
 ParOldGen       total 670208K, used 670119K [0x0000000080000000, 0x00000000a8e80000, 0x00000000d5580000)
  object space 670208K, 99% used [0x0000000080000000,0x00000000a8e69e10,0x00000000a8e80000)
 Metaspace       used 99273K, committed 101312K, reserved 1179648K
  class space    used 10090K, committed 11008K, reserved 1048576K
}
Event: 1304.435 GC heap after
{Heap after GC invocations=3659 (full 6):
 PSYoungGen      total 7168K, used 800K [0x00000000d5580000, 0x00000000d5e80000, 0x0000000100000000)
  eden space 6144K, 0% used [0x00000000d5580000,0x00000000d5580000,0x00000000d5b80000)
  from space 1024K, 78% used [0x00000000d5c80000,0x00000000d5d48000,0x00000000d5d80000)
  to   space 1024K, 0% used [0x00000000d5b80000,0x00000000d5b80000,0x00000000d5c80000)
 ParOldGen       total 671232K, used 670783K [0x0000000080000000, 0x00000000a8f80000, 0x00000000d5580000)
  object space 671232K, 99% used [0x0000000080000000,0x00000000a8f0fe10,0x00000000a8f80000)
 Metaspace       used 99273K, committed 101312K, reserved 1179648K
  class space    used 10090K, committed 11008K, reserved 1048576K
}
Event: 1304.468 GC heap before
{Heap before GC invocations=3660 (full 6):
 PSYoungGen      total 7168K, used 6944K [0x00000000d5580000, 0x00000000d5e80000, 0x0000000100000000)
  eden space 6144K, 100% used [0x00000000d5580000,0x00000000d5b80000,0x00000000d5b80000)
  from space 1024K, 78% used [0x00000000d5c80000,0x00000000d5d48000,0x00000000d5d80000)
  to   space 1024K, 0% used [0x00000000d5b80000,0x00000000d5b80000,0x00000000d5c80000)
 ParOldGen       total 671232K, used 670783K [0x0000000080000000, 0x00000000a8f80000, 0x00000000d5580000)
  object space 671232K, 99% used [0x0000000080000000,0x00000000a8f0fe10,0x00000000a8f80000)
 Metaspace       used 99276K, committed 101312K, reserved 1179648K
  class space    used 10090K, committed 11008K, reserved 1048576K
}
Event: 1304.472 GC heap after
{Heap after GC invocations=3660 (full 6):
 PSYoungGen      total 7168K, used 780K [0x00000000d5580000, 0x00000000d5d80000, 0x0000000100000000)
  eden space 6144K, 0% used [0x00000000d5580000,0x00000000d5580000,0x00000000d5b80000)
  from space 1024K, 76% used [0x00000000d5b80000,0x00000000d5c43008,0x00000000d5c80000)
  to   space 1024K, 0% used [0x00000000d5c80000,0x00000000d5c80000,0x00000000d5d80000)
 ParOldGen       total 671744K, used 671439K [0x0000000080000000, 0x00000000a9000000, 0x00000000d5580000)
  object space 671744K, 99% used [0x0000000080000000,0x00000000a8fb3e10,0x00000000a9000000)
 Metaspace       used 99276K, committed 101312K, reserved 1179648K
  class space    used 10090K, committed 11008K, reserved 1048576K
}
Event: 1304.502 GC heap before
{Heap before GC invocations=3661 (full 6):
 PSYoungGen      total 7168K, used 6924K [0x00000000d5580000, 0x00000000d5d80000, 0x0000000100000000)
  eden space 6144K, 100% used [0x00000000d5580000,0x00000000d5b80000,0x00000000d5b80000)
  from space 1024K, 76% used [0x00000000d5b80000,0x00000000d5c43008,0x00000000d5c80000)
  to   space 1024K, 0% used [0x00000000d5c80000,0x00000000d5c80000,0x00000000d5d80000)
 ParOldGen       total 671744K, used 671439K [0x0000000080000000, 0x00000000a9000000, 0x00000000d5580000)
  object space 671744K, 99% used [0x0000000080000000,0x00000000a8fb3e10,0x00000000a9000000)
 Metaspace       used 99276K, committed 101312K, reserved 1179648K
  class space    used 10090K, committed 11008K, reserved 1048576K
}
Event: 1304.506 GC heap after
{Heap after GC invocations=3661 (full 6):
 PSYoungGen      total 7168K, used 864K [0x00000000d5580000, 0x00000000d5d80000, 0x0000000100000000)
  eden space 6144K, 0% used [0x00000000d5580000,0x00000000d5580000,0x00000000d5b80000)
  from space 1024K, 84% used [0x00000000d5c80000,0x00000000d5d58200,0x00000000d5d80000)
  to   space 1024K, 0% used [0x00000000d5b80000,0x00000000d5b80000,0x00000000d5c80000)
 ParOldGen       total 672256K, used 672107K [0x0000000080000000, 0x00000000a9080000, 0x00000000d5580000)
  object space 672256K, 99% used [0x0000000080000000,0x00000000a905ae18,0x00000000a9080000)
 Metaspace       used 99276K, committed 101312K, reserved 1179648K
  class space    used 10090K, committed 11008K, reserved 1048576K
}
Event: 1304.537 GC heap before
{Heap before GC invocations=3662 (full 6):
 PSYoungGen      total 7168K, used 7008K [0x00000000d5580000, 0x00000000d5d80000, 0x0000000100000000)
  eden space 6144K, 100% used [0x00000000d5580000,0x00000000d5b80000,0x00000000d5b80000)
  from space 1024K, 84% used [0x00000000d5c80000,0x00000000d5d58200,0x00000000d5d80000)
  to   space 1024K, 0% used [0x00000000d5b80000,0x00000000d5b80000,0x00000000d5c80000)
 ParOldGen       total 672256K, used 672107K [0x0000000080000000, 0x00000000a9080000, 0x00000000d5580000)
  object space 672256K, 99% used [0x0000000080000000,0x00000000a905ae18,0x00000000a9080000)
 Metaspace       used 99276K, committed 101312K, reserved 1179648K
  class space    used 10090K, committed 11008K, reserved 1048576K
}
Event: 1304.541 GC heap after
{Heap after GC invocations=3662 (full 6):
 PSYoungGen      total 7168K, used 768K [0x00000000d5580000, 0x00000000d5d80000, 0x0000000100000000)
  eden space 6144K, 0% used [0x00000000d5580000,0x00000000d5580000,0x00000000d5b80000)
  from space 1024K, 75% used [0x00000000d5b80000,0x00000000d5c40000,0x00000000d5c80000)
  to   space 1024K, 0% used [0x00000000d5c80000,0x00000000d5c80000,0x00000000d5d80000)
 ParOldGen       total 673280K, used 672803K [0x0000000080000000, 0x00000000a9180000, 0x00000000d5580000)
  object space 673280K, 99% used [0x0000000080000000,0x00000000a9108e28,0x00000000a9180000)
 Metaspace       used 99276K, committed 101312K, reserved 1179648K
  class space    used 10090K, committed 11008K, reserved 1048576K
}
Event: 1304.571 GC heap before
{Heap before GC invocations=3663 (full 6):
 PSYoungGen      total 7168K, used 6912K [0x00000000d5580000, 0x00000000d5d80000, 0x0000000100000000)
  eden space 6144K, 100% used [0x00000000d5580000,0x00000000d5b80000,0x00000000d5b80000)
  from space 1024K, 75% used [0x00000000d5b80000,0x00000000d5c40000,0x00000000d5c80000)
  to   space 1024K, 0% used [0x00000000d5c80000,0x00000000d5c80000,0x00000000d5d80000)
 ParOldGen       total 673280K, used 672803K [0x0000000080000000, 0x00000000a9180000, 0x00000000d5580000)
  object space 673280K, 99% used [0x0000000080000000,0x00000000a9108e28,0x00000000a9180000)
 Metaspace       used 99276K, committed 101312K, reserved 1179648K
  class space    used 10090K, committed 11008K, reserved 1048576K
}
Event: 1304.575 GC heap after
{Heap after GC invocations=3663 (full 6):
 PSYoungGen      total 7168K, used 944K [0x00000000d5580000, 0x00000000d5d80000, 0x0000000100000000)
  eden space 6144K, 0% used [0x00000000d5580000,0x00000000d5580000,0x00000000d5b80000)
  from space 1024K, 92% used [0x00000000d5c80000,0x00000000d5d6c240,0x00000000d5d80000)
  to   space 1024K, 0% used [0x00000000d5b80000,0x00000000d5b80000,0x00000000d5c80000)
 ParOldGen       total 673792K, used 673483K [0x0000000080000000, 0x00000000a9200000, 0x00000000d5580000)
  object space 673792K, 99% used [0x0000000080000000,0x00000000a91b2e28,0x00000000a9200000)
 Metaspace       used 99276K, committed 101312K, reserved 1179648K
  class space    used 10090K, committed 11008K, reserved 1048576K
}
Event: 1304.608 GC heap before
{Heap before GC invocations=3664 (full 6):
 PSYoungGen      total 7168K, used 7088K [0x00000000d5580000, 0x00000000d5d80000, 0x0000000100000000)
  eden space 6144K, 100% used [0x00000000d5580000,0x00000000d5b80000,0x00000000d5b80000)
  from space 1024K, 92% used [0x00000000d5c80000,0x00000000d5d6c240,0x00000000d5d80000)
  to   space 1024K, 0% used [0x00000000d5b80000,0x00000000d5b80000,0x00000000d5c80000)
 ParOldGen       total 673792K, used 673483K [0x0000000080000000, 0x00000000a9200000, 0x00000000d5580000)
  object space 673792K, 99% used [0x0000000080000000,0x00000000a91b2e28,0x00000000a9200000)
 Metaspace       used 99276K, committed 101312K, reserved 1179648K
  class space    used 10090K, committed 11008K, reserved 1048576K
}
Event: 1304.613 GC heap after
{Heap after GC invocations=3664 (full 6):
 PSYoungGen      total 7168K, used 832K [0x00000000d5580000, 0x00000000d5d80000, 0x0000000100000000)
  eden space 6144K, 0% used [0x00000000d5580000,0x00000000d5580000,0x00000000d5b80000)
  from space 1024K, 81% used [0x00000000d5b80000,0x00000000d5c50000,0x00000000d5c80000)
  to   space 1024K, 0% used [0x00000000d5c80000,0x00000000d5c80000,0x00000000d5d80000)
 ParOldGen       total 674304K, used 674259K [0x0000000080000000, 0x00000000a9280000, 0x00000000d5580000)
  object space 674304K, 99% used [0x0000000080000000,0x00000000a9274e28,0x00000000a9280000)
 Metaspace       used 99276K, committed 101312K, reserved 1179648K
  class space    used 10090K, committed 11008K, reserved 1048576K
}
Event: 1304.642 GC heap before
{Heap before GC invocations=3665 (full 6):
 PSYoungGen      total 7168K, used 6975K [0x00000000d5580000, 0x00000000d5d80000, 0x0000000100000000)
  eden space 6144K, 99% used [0x00000000d5580000,0x00000000d5b7fc28,0x00000000d5b80000)
  from space 1024K, 81% used [0x00000000d5b80000,0x00000000d5c50000,0x00000000d5c80000)
  to   space 1024K, 0% used [0x00000000d5c80000,0x00000000d5c80000,0x00000000d5d80000)
 ParOldGen       total 674304K, used 674259K [0x0000000080000000, 0x00000000a9280000, 0x00000000d5580000)
  object space 674304K, 99% used [0x0000000080000000,0x00000000a9274e28,0x00000000a9280000)
 Metaspace       used 99276K, committed 101312K, reserved 1179648K
  class space    used 10090K, committed 11008K, reserved 1048576K
}
Event: 1304.646 GC heap after
{Heap after GC invocations=3665 (full 6):
 PSYoungGen      total 7168K, used 794K [0x00000000d5580000, 0x00000000d5d80000, 0x0000000100000000)
  eden space 6144K, 0% used [0x00000000d5580000,0x00000000d5580000,0x00000000d5b80000)
  from space 1024K, 77% used [0x00000000d5c80000,0x00000000d5d469e0,0x00000000d5d80000)
  to   space 1024K, 0% used [0x00000000d5b80000,0x00000000d5b80000,0x00000000d5c80000)
 ParOldGen       total 675328K, used 674961K [0x0000000080000000, 0x00000000a9380000, 0x00000000d5580000)
  object space 675328K, 99% used [0x0000000080000000,0x00000000a9324438,0x00000000a9380000)
 Metaspace       used 99276K, committed 101312K, reserved 1179648K
  class space    used 10090K, committed 11008K, reserved 1048576K
}
Event: 1304.681 GC heap before
{Heap before GC invocations=3666 (full 6):
 PSYoungGen      total 7168K, used 6938K [0x00000000d5580000, 0x00000000d5d80000, 0x0000000100000000)
  eden space 6144K, 100% used [0x00000000d5580000,0x00000000d5b80000,0x00000000d5b80000)
  from space 1024K, 77% used [0x00000000d5c80000,0x00000000d5d469e0,0x00000000d5d80000)
  to   space 1024K, 0% used [0x00000000d5b80000,0x00000000d5b80000,0x00000000d5c80000)
 ParOldGen       total 675328K, used 674961K [0x0000000080000000, 0x00000000a9380000, 0x00000000d5580000)
  object space 675328K, 99% used [0x0000000080000000,0x00000000a9324438,0x00000000a9380000)
 Metaspace       used 99276K, committed 101312K, reserved 1179648K
  class space    used 10090K, committed 11008K, reserved 1048576K
}
Event: 1304.684 GC heap after
{Heap after GC invocations=3666 (full 6):
 PSYoungGen      total 7168K, used 1016K [0x00000000d5580000, 0x00000000d5e80000, 0x0000000100000000)
  eden space 6144K, 0% used [0x00000000d5580000,0x00000000d5580000,0x00000000d5b80000)
  from space 1024K, 99% used [0x00000000d5b80000,0x00000000d5c7e008,0x00000000d5c80000)
  to   space 1536K, 0% used [0x00000000d5d00000,0x00000000d5d00000,0x00000000d5e80000)
 ParOldGen       total 675840K, used 675633K [0x0000000080000000, 0x00000000a9400000, 0x00000000d5580000)
  object space 675840K, 99% used [0x0000000080000000,0x00000000a93cc438,0x00000000a9400000)
 Metaspace       used 99276K, committed 101312K, reserved 1179648K
  class space    used 10090K, committed 11008K, reserved 1048576K
}
Event: 1304.722 GC heap before
{Heap before GC invocations=3667 (full 6):
 PSYoungGen      total 7168K, used 7160K [0x00000000d5580000, 0x00000000d5e80000, 0x0000000100000000)
  eden space 6144K, 100% used [0x00000000d5580000,0x00000000d5b80000,0x00000000d5b80000)
  from space 1024K, 99% used [0x00000000d5b80000,0x00000000d5c7e008,0x00000000d5c80000)
  to   space 1536K, 0% used [0x00000000d5d00000,0x00000000d5d00000,0x00000000d5e80000)
 ParOldGen       total 675840K, used 675633K [0x0000000080000000, 0x00000000a9400000, 0x00000000d5580000)
  object space 675840K, 99% used [0x0000000080000000,0x00000000a93cc438,0x00000000a9400000)
 Metaspace       used 99276K, committed 101312K, reserved 1179648K
  class space    used 10090K, committed 11008K, reserved 1048576K
}
Event: 1304.726 GC heap after
{Heap after GC invocations=3667 (full 6):
 PSYoungGen      total 7168K, used 951K [0x00000000d5580000, 0x00000000d5e00000, 0x0000000100000000)
  eden space 6144K, 0% used [0x00000000d5580000,0x00000000d5580000,0x00000000d5b80000)
  from space 1024K, 92% used [0x00000000d5d00000,0x00000000d5dede98,0x00000000d5e00000)
  to   space 1024K, 0% used [0x00000000d5b80000,0x00000000d5b80000,0x00000000d5c80000)
 ParOldGen       total 676864K, used 676473K [0x0000000080000000, 0x00000000a9500000, 0x00000000d5580000)
  object space 676864K, 99% used [0x0000000080000000,0x00000000a949e440,0x00000000a9500000)
 Metaspace       used 99276K, committed 101312K, reserved 1179648K
  class space    used 10090K, committed 11008K, reserved 1048576K
}
Event: 1304.755 GC heap before
{Heap before GC invocations=3668 (full 6):
 PSYoungGen      total 7168K, used 7095K [0x00000000d5580000, 0x00000000d5e00000, 0x0000000100000000)
  eden space 6144K, 100% used [0x00000000d5580000,0x00000000d5b80000,0x00000000d5b80000)
  from space 1024K, 92% used [0x00000000d5d00000,0x00000000d5dede98,0x00000000d5e00000)
  to   space 1024K, 0% used [0x00000000d5b80000,0x00000000d5b80000,0x00000000d5c80000)
 ParOldGen       total 676864K, used 676473K [0x0000000080000000, 0x00000000a9500000, 0x00000000d5580000)
  object space 676864K, 99% used [0x0000000080000000,0x00000000a949e440,0x00000000a9500000)
 Metaspace       used 99276K, committed 101312K, reserved 1179648K
  class space    used 10090K, committed 11008K, reserved 1048576K
}
Event: 1304.758 GC heap after
{Heap after GC invocations=3668 (full 6):
 PSYoungGen      total 7168K, used 886K [0x00000000d5580000, 0x00000000d5d80000, 0x0000000100000000)
  eden space 6144K, 0% used [0x00000000d5580000,0x00000000d5580000,0x00000000d5b80000)
  from space 1024K, 86% used [0x00000000d5b80000,0x00000000d5c5d808,0x00000000d5c80000)
  to   space 1024K, 0% used [0x00000000d5c80000,0x00000000d5c80000,0x00000000d5d80000)
 ParOldGen       total 677376K, used 677261K [0x0000000080000000, 0x00000000a9580000, 0x00000000d5580000)
  object space 677376K, 99% used [0x0000000080000000,0x00000000a95636d0,0x00000000a9580000)
 Metaspace       used 99276K, committed 101312K, reserved 1179648K
  class space    used 10090K, committed 11008K, reserved 1048576K
}

